<?xml version="1.0" encoding="UTF-8"?>
<!-- Generated by org.testng.reporters.JUnitReportReporter -->
<testsuite hostname="WELCOME" failures="0" tests="1" name="MKT_project1.Amazon_prjt1.TC_009_Addtocart" time="102.650" errors="0" timestamp="2024-07-21T09:40:16 IST" skipped="0">
  <testcase classname="MKT_project1.Amazon_prjt1.TC_009_Addtocart" name="Prdt_cart" time="102.650"/>
</testsuite> <!-- MKT_project1.Amazon_prjt1.TC_009_Addtocart -->
