<?xml version="1.0" encoding="UTF-8"?>
<!-- Generated by org.testng.reporters.JUnitReportReporter -->
<testsuite hostname="WELCOME" failures="0" tests="1" name="MKT_project1.Amazon_prjt1.TC_006_searchwithfilters" time="48.521" errors="0" timestamp="2024-07-21T09:40:16 IST" skipped="0">
  <testcase classname="MKT_project1.Amazon_prjt1.TC_006_searchwithfilters" name="filter_category_prize" time="48.521"/>
</testsuite> <!-- MKT_project1.Amazon_prjt1.TC_006_searchwithfilters -->
